<?xml version="1.0" encoding="UTF-8"?>
<!-- Generated by org.testng.reporters.JUnitReportReporter -->
<testsuite skipped="1" hostname="tm0725142.gsm1900.org" name="com.rakesh.AppTest" tests="3" failures="0" timestamp="2020-05-20T13:15:00 CDT" time="0.005" errors="0">
  <testcase name="sampleTestCase2" time="0.001" classname="com.rakesh.AppTest"/>
  <testcase name="sampleTestCase4" time="0.000" classname="com.rakesh.AppTest">
    <skipped/>
  </testcase> <!-- sampleTestCase4 -->
  <testcase name="sampleTestCase1" time="0.004" classname="com.rakesh.AppTest"/>
</testsuite> <!-- com.rakesh.AppTest -->
